<?xml version="1.0" encoding="UTF-8"?>
<!-- Generated by org.testng.reporters.JUnitReportReporter -->
<testsuite hostname="SammyJ-Lptp" failures="0" tests="1" name="getRequest.getData" time="4.668" errors="0" timestamp="2020-11-15T02:16:09 EST" skipped="0">
  <testcase classname="getRequest.getData" name="listUsers" time="4.668"/>
  <system-out/>
</testsuite> <!-- getRequest.getData -->
